app/build/outputs/logs/manifest-merger-debug-report.txt
-- Merging decision tree log ---
manifest
ADDED from src\main\AndroidManifest.xml:2:1-108:12
	package
		ADDED from src\main\AndroidManifest.xml:3:5-31
		INJECTED from src\main\AndroidManifest.xml
		INJECTED from src\main\AndroidManifest.xml
	android:versionName
		ADDED from src\main\AndroidManifest.xml:5:5-30
		INJECTED from src\main\AndroidManifest.xml
		INJECTED from src\main\AndroidManifest.xml
	android:versionCode
		ADDED from src\main\AndroidManifest.xml:4:5-28
		INJECTED from src\main\AndroidManifest.xml
		INJECTED from src\main\AndroidManifest.xml
	xmlns:android
		ADDED from src\main\AndroidManifest.xml:2:11-69
uses-sdk
ADDED from src\main\AndroidManifest.xml:7:5-9:41
MERGED from [com.github.chrisbanes:PhotoView:1.3.0] AndroidManifest.xml:8:5-10:41
MERGED from [com.malinskiy:superrecyclerview:1.1.4] AndroidManifest.xml:8:5-10:41
MERGED from [com.android.support:recyclerview-v7:23.3.0] AndroidManifest.xml:20:5-43
MERGED from [com.android.support:support-v4:24.1.1] AndroidManifest.xml:21:5-23:54
MERGED from [com.mikhaellopez:circularprogressbar:1.1.1] AndroidManifest.xml:8:5-10:41
MERGED from [io.reactivex:rxandroid:1.2.1] AndroidManifest.xml:19:5-43
MERGED from [com.droi.sdk:Core:1.0.3454] AndroidManifest.xml:14:5-16:41
MERGED from [com.droi.sdk:push:1.0.004] AndroidManifest.xml:7:5-9:41
MERGED from [com.droi.sdk:feedback:1.0.004] AndroidManifest.xml:5:5-7:41
MERGED from [com.droi.sdk:selfupdate:1.0.008] AndroidManifest.xml:5:5-7:41
MERGED from [com.droi.sdk:analytics:1.0.011] AndroidManifest.xml:5:5-7:41
	tools:overrideLibrary
		ADDED from [com.android.support:support-v4:24.1.1] AndroidManifest.xml:23:9-51
	android:targetSdkVersion
		ADDED from src\main\AndroidManifest.xml:9:9-38
		INJECTED from src\main\AndroidManifest.xml
		INJECTED from src\main\AndroidManifest.xml
	android:minSdkVersion
		ADDED from src\main\AndroidManifest.xml:8:9-35
		INJECTED from src\main\AndroidManifest.xml
		INJECTED from src\main\AndroidManifest.xml
uses-permission#android.permission.INTERNET
ADDED from src\main\AndroidManifest.xml:11:5-66
MERGED from [com.droi.sdk:Core:1.0.3454] AndroidManifest.xml:18:5-67
MERGED from [com.droi.sdk:analytics:1.0.011] AndroidManifest.xml:15:5-67
	android:name
		ADDED from src\main\AndroidManifest.xml:11:22-64
uses-permission#android.permission.WRITE_EXTERNAL_STORAGE
ADDED from src\main\AndroidManifest.xml:12:5-80
MERGED from [com.droi.sdk:Core:1.0.3454] AndroidManifest.xml:20:5-81
MERGED from [com.droi.sdk:analytics:1.0.011] AndroidManifest.xml:13:5-81
	android:name
		ADDED from src\main\AndroidManifest.xml:12:22-78
uses-permission#android.permission.READ_EXTERNAL_STORAGE
ADDED from src\main\AndroidManifest.xml:13:5-79
MERGED from [com.droi.sdk:Core:1.0.3454] AndroidManifest.xml:21:5-80
	android:name
		ADDED from src\main\AndroidManifest.xml:13:22-77
uses-permission#android.permission.CALL_PHONE
ADDED from src\main\AndroidManifest.xml:14:5-68
	android:name
		ADDED from src\main\AndroidManifest.xml:14:22-66
uses-permission#android.permission.ACCESS_NETWORK_STATE
ADDED from src\main\AndroidManifest.xml:17:5-79
MERGED from [com.droi.sdk:Core:1.0.3454] AndroidManifest.xml:19:5-79
MERGED from [com.droi.sdk:analytics:1.0.011] AndroidManifest.xml:16:5-79
	android:name
		ADDED from src\main\AndroidManifest.xml:17:22-76
uses-permission#android.permission.ACCESS_WIFI_STATE
ADDED from src\main\AndroidManifest.xml:18:5-76
MERGED from [com.droi.sdk:Core:1.0.3454] AndroidManifest.xml:24:5-76
MERGED from [com.droi.sdk:analytics:1.0.011] AndroidManifest.xml:11:5-76
	android:name
		ADDED from src\main\AndroidManifest.xml:18:22-73
uses-permission#android.permission.READ_PHONE_STATE
ADDED from src\main\AndroidManifest.xml:19:5-75
MERGED from [com.droi.sdk:Core:1.0.3454] AndroidManifest.xml:22:5-75
MERGED from [com.droi.sdk:analytics:1.0.011] AndroidManifest.xml:9:5-75
	android:name
		ADDED from src\main\AndroidManifest.xml:19:22-72
uses-permission#android.permission.READ_SETTINGS
ADDED from src\main\AndroidManifest.xml:20:5-72
	android:name
		ADDED from src\main\AndroidManifest.xml:20:22-69
uses-permission#android.permission.WRITE_SETTINGS
ADDED from src\main\AndroidManifest.xml:21:5-73
	android:name
		ADDED from src\main\AndroidManifest.xml:21:22-70
uses-permission#android.permission.GET_TASKS
ADDED from src\main\AndroidManifest.xml:22:5-68
MERGED from [com.droi.sdk:analytics:1.0.011] AndroidManifest.xml:12:5-68
	android:name
		ADDED from src\main\AndroidManifest.xml:22:22-65
application
ADDED from src\main\AndroidManifest.xml:27:5-106:19
MERGED from [com.malinskiy:superrecyclerview:1.1.4] AndroidManifest.xml:12:5-20
MERGED from [com.android.support:support-v4:24.1.1] AndroidManifest.xml:25:5-20
MERGED from [com.mikhaellopez:circularprogressbar:1.1.1] AndroidManifest.xml:12:5-20
MERGED from [com.droi.sdk:push:1.0.004] AndroidManifest.xml:17:5-63:19
MERGED from [com.droi.sdk:feedback:1.0.004] AndroidManifest.xml:9:5-16:19
MERGED from [com.droi.sdk:selfupdate:1.0.008] AndroidManifest.xml:9:5-19:19
	android:label
		ADDED from src\main\AndroidManifest.xml:31:9-41
	android:allowBackup
		ADDED from src\main\AndroidManifest.xml:28:9-35
	android:icon
		ADDED from src\main\AndroidManifest.xml:30:9-38
	android:theme
		ADDED from src\main\AndroidManifest.xml:32:9-40
	android:name
		ADDED from src\main\AndroidManifest.xml:29:9-54
meta-data#com.droi.sdk.secret_key
ADDED from src\main\AndroidManifest.xml:35:9-37:40
	android:value
		ADDED from src\main\AndroidManifest.xml:37:13-37
	android:name
		ADDED from src\main\AndroidManifest.xml:36:13-51
meta-data#com.droi.sdk.application_id
ADDED from src\main\AndroidManifest.xml:38:9-40:72
	android:value
		ADDED from src\main\AndroidManifest.xml:40:13-69
	android:name
		ADDED from src\main\AndroidManifest.xml:39:13-55
meta-data#com.droi.sdk.channel_name
ADDED from src\main\AndroidManifest.xml:41:9-43:47
	android:value
		ADDED from src\main\AndroidManifest.xml:43:13-44
	android:name
		ADDED from src\main\AndroidManifest.xml:42:13-53
meta-data#com.droi.sdk.platform_key
ADDED from src\main\AndroidManifest.xml:44:9-46:72
	android:value
		ADDED from src\main\AndroidManifest.xml:46:13-69
	android:name
		ADDED from src\main\AndroidManifest.xml:45:13-53
activity#com.campus.diary.activity.SignInActivity
ADDED from src\main\AndroidManifest.xml:49:9-52:20
	android:theme
		ADDED from src\main\AndroidManifest.xml:51:13-60
	android:name
		ADDED from src\main\AndroidManifest.xml:50:13-68
activity#com.campus.diary.activity.SignUpActivity
ADDED from src\main\AndroidManifest.xml:53:9-56:20
	android:theme
		ADDED from src\main\AndroidManifest.xml:55:13-60
	android:name
		ADDED from src\main\AndroidManifest.xml:54:13-68
activity#com.campus.diary.activity.MainActivity
ADDED from src\main\AndroidManifest.xml:58:9-68:20
	android:screenOrientation
		ADDED from src\main\AndroidManifest.xml:62:13-49
	android:label
		ADDED from src\main\AndroidManifest.xml:61:13-45
	android:theme
		ADDED from src\main\AndroidManifest.xml:60:13-60
	android:name
		ADDED from src\main\AndroidManifest.xml:59:13-66
intent-filter#android.intent.action.MAIN+android.intent.category.LAUNCHER
ADDED from src\main\AndroidManifest.xml:63:13-67:29
action#android.intent.action.MAIN
ADDED from src\main\AndroidManifest.xml:64:17-69
	android:name
		ADDED from src\main\AndroidManifest.xml:64:25-66
category#android.intent.category.LAUNCHER
ADDED from src\main\AndroidManifest.xml:66:17-77
	android:name
		ADDED from src\main\AndroidManifest.xml:66:27-74
activity#com.campus.diary.activity.ImagePagerActivity
ADDED from src\main\AndroidManifest.xml:69:9-71:20
	android:name
		ADDED from src\main\AndroidManifest.xml:69:19-78
activity#com.campus.diary.activity.ImageBucketChooseActivity
ADDED from src\main\AndroidManifest.xml:72:9-76:76
	android:windowSoftInputMode
		ADDED from src\main\AndroidManifest.xml:76:13-73
	android:configChanges
		ADDED from src\main\AndroidManifest.xml:74:13-74
	android:theme
		ADDED from src\main\AndroidManifest.xml:75:13-60
	android:name
		ADDED from src\main\AndroidManifest.xml:73:13-79
activity#com.campus.diary.activity.ImageChooseActivity
ADDED from src\main\AndroidManifest.xml:77:9-81:76
	android:windowSoftInputMode
		ADDED from src\main\AndroidManifest.xml:81:13-73
	android:configChanges
		ADDED from src\main\AndroidManifest.xml:79:13-74
	android:theme
		ADDED from src\main\AndroidManifest.xml:80:13-60
	android:name
		ADDED from src\main\AndroidManifest.xml:78:13-73
activity#com.campus.diary.activity.PublishActivity
ADDED from src\main\AndroidManifest.xml:82:9-87:76
	android:launchMode
		ADDED from src\main\AndroidManifest.xml:86:13-43
	android:windowSoftInputMode
		ADDED from src\main\AndroidManifest.xml:87:13-73
	android:configChanges
		ADDED from src\main\AndroidManifest.xml:84:13-74
	android:theme
		ADDED from src\main\AndroidManifest.xml:85:13-60
	android:name
		ADDED from src\main\AndroidManifest.xml:83:13-69
activity#com.campus.diary.activity.ImageZoomActivity
ADDED from src\main\AndroidManifest.xml:88:9-92:76
	android:windowSoftInputMode
		ADDED from src\main\AndroidManifest.xml:92:13-73
	android:configChanges
		ADDED from src\main\AndroidManifest.xml:90:13-74
	android:theme
		ADDED from src\main\AndroidManifest.xml:91:13-60
	android:name
		ADDED from src\main\AndroidManifest.xml:89:13-71
activity#com.campus.diary.activity.SelfActivity
ADDED from src\main\AndroidManifest.xml:93:9-96:11
	android:theme
		ADDED from src\main\AndroidManifest.xml:95:13-60
	android:name
		ADDED from src\main\AndroidManifest.xml:94:13-66
activity#com.campus.diary.activity.ProfileActivity
ADDED from src\main\AndroidManifest.xml:97:9-98:62
	android:theme
		ADDED from src\main\AndroidManifest.xml:98:13-60
	android:name
		ADDED from src\main\AndroidManifest.xml:97:19-75
activity#com.campus.diary.activity.ChangePasswordActivity
ADDED from src\main\AndroidManifest.xml:99:9-100:62
	android:theme
		ADDED from src\main\AndroidManifest.xml:100:13-60
	android:name
		ADDED from src\main\AndroidManifest.xml:99:19-82
activity#com.campus.diary.activity.AboutActivity
ADDED from src\main\AndroidManifest.xml:101:9-102:62
	android:theme
		ADDED from src\main\AndroidManifest.xml:102:13-60
	android:name
		ADDED from src\main\AndroidManifest.xml:101:19-73
meta-data#com.campus.diary.utils.MyGlideModule
ADDED from src\main\AndroidManifest.xml:103:9-105:43
	android:value
		ADDED from src\main\AndroidManifest.xml:105:13-40
	android:name
		ADDED from src\main\AndroidManifest.xml:104:13-64
uses-permission#android.permission.ACCESS_COARSE_LOCATION
ADDED from [com.droi.sdk:Core:1.0.3454] AndroidManifest.xml:23:5-81
MERGED from [com.droi.sdk:analytics:1.0.011] AndroidManifest.xml:10:5-81
	android:name
		ADDED from [com.droi.sdk:Core:1.0.3454] AndroidManifest.xml:23:22-78
uses-permission#android.permission.WAKE_LOCK
ADDED from [com.droi.sdk:push:1.0.004] AndroidManifest.xml:12:5-68
	android:name
		ADDED from [com.droi.sdk:push:1.0.004] AndroidManifest.xml:12:22-65
uses-permission#android.permission.VIBRATE
ADDED from [com.droi.sdk:push:1.0.004] AndroidManifest.xml:13:5-66
	android:name
		ADDED from [com.droi.sdk:push:1.0.004] AndroidManifest.xml:13:22-63
uses-permission#android.permission.FLASHLIGHT
ADDED from [com.droi.sdk:push:1.0.004] AndroidManifest.xml:14:5-69
	android:name
		ADDED from [com.droi.sdk:push:1.0.004] AndroidManifest.xml:14:22-66
uses-permission#android.permission.RECEIVE_BOOT_COMPLETED
ADDED from [com.droi.sdk:push:1.0.004] AndroidManifest.xml:15:5-81
	android:name
		ADDED from [com.droi.sdk:push:1.0.004] AndroidManifest.xml:15:22-78
service#com.droi.sdk.push.DroiPushService
ADDED from [com.droi.sdk:push:1.0.004] AndroidManifest.xml:18:9-30:19
	android:process
		ADDED from [com.droi.sdk:push:1.0.004] AndroidManifest.xml:21:13-43
	android:exported
		ADDED from [com.droi.sdk:push:1.0.004] AndroidManifest.xml:20:13-36
	android:name
		ADDED from [com.droi.sdk:push:1.0.004] AndroidManifest.xml:19:13-61
meta-data#SERVICE_VERSION
ADDED from [com.droi.sdk:push:1.0.004] AndroidManifest.xml:22:13-25:25
	android:value
		ADDED from [com.droi.sdk:push:1.0.004] AndroidManifest.xml:24:17-40
	android:name
		ADDED from [com.droi.sdk:push:1.0.004] AndroidManifest.xml:23:17-47
intent-filter#com.droi.sdk.push.action.START
ADDED from [com.droi.sdk:push:1.0.004] AndroidManifest.xml:27:13-29:29
action#com.droi.sdk.push.action.START
ADDED from [com.droi.sdk:push:1.0.004] AndroidManifest.xml:28:17-73
	android:name
		ADDED from [com.droi.sdk:push:1.0.004] AndroidManifest.xml:28:25-70
receiver#com.droi.sdk.push.TickAlarmReceiver
ADDED from [com.droi.sdk:push:1.0.004] AndroidManifest.xml:32:9-72
	android:name
		ADDED from [com.droi.sdk:push:1.0.004] AndroidManifest.xml:32:19-69
receiver#com.droi.sdk.push.DroiPushReceiver
ADDED from [com.droi.sdk:push:1.0.004] AndroidManifest.xml:33:9-50:20
	android:name
		ADDED from [com.droi.sdk:push:1.0.004] AndroidManifest.xml:33:19-68
intent-filter#android.intent.action.PACKAGE_ADDED+android.intent.action.PACKAGE_REMOVED+android.intent.action.PACKAGE_REPLACED
ADDED from [com.droi.sdk:push:1.0.004] AndroidManifest.xml:34:13-40:29
action#android.intent.action.PACKAGE_REMOVED
ADDED from [com.droi.sdk:push:1.0.004] AndroidManifest.xml:35:17-80
	android:name
		ADDED from [com.droi.sdk:push:1.0.004] AndroidManifest.xml:35:25-77
action#android.intent.action.PACKAGE_ADDED
ADDED from [com.droi.sdk:push:1.0.004] AndroidManifest.xml:36:17-78
	android:name
		ADDED from [com.droi.sdk:push:1.0.004] AndroidManifest.xml:36:25-75
action#android.intent.action.PACKAGE_REPLACED
ADDED from [com.droi.sdk:push:1.0.004] AndroidManifest.xml:37:17-81
	android:name
		ADDED from [com.droi.sdk:push:1.0.004] AndroidManifest.xml:37:25-78
data
ADDED from [com.droi.sdk:push:1.0.004] AndroidManifest.xml:39:17-50
	android:scheme
		ADDED from [com.droi.sdk:push:1.0.004] AndroidManifest.xml:39:23-47
intent-filter#${applicationId}.Action.START+android.intent.action.PHONE_STATE+android.intent.action.USER_CLEARNOTIFY+android.intent.action.USER_PRESENT+android.net.conn.CONNECTIVITY_CHANGE+com.droi.sdk.push.action.DATA+com.droi.sdk.push.action.REMOVE_NOTIFICATION
ADDED from [com.droi.sdk:push:1.0.004] AndroidManifest.xml:41:13-49:29
action#android.net.conn.CONNECTIVITY_CHANGE
ADDED from [com.droi.sdk:push:1.0.004] AndroidManifest.xml:42:17-79
	android:name
		ADDED from [com.droi.sdk:push:1.0.004] AndroidManifest.xml:42:25-76
action#android.intent.action.PHONE_STATE
ADDED from [com.droi.sdk:push:1.0.004] AndroidManifest.xml:43:17-76
	android:name
		ADDED from [com.droi.sdk:push:1.0.004] AndroidManifest.xml:43:25-73
action#android.intent.action.USER_PRESENT
ADDED from [com.droi.sdk:push:1.0.004] AndroidManifest.xml:44:17-77
	android:name
		ADDED from [com.droi.sdk:push:1.0.004] AndroidManifest.xml:44:25-74
action#android.intent.action.USER_CLEARNOTIFY
ADDED from [com.droi.sdk:push:1.0.004] AndroidManifest.xml:45:17-81
	android:name
		ADDED from [com.droi.sdk:push:1.0.004] AndroidManifest.xml:45:25-78
action#com.droi.sdk.push.action.DATA
ADDED from [com.droi.sdk:push:1.0.004] AndroidManifest.xml:46:17-72
	android:name
		ADDED from [com.droi.sdk:push:1.0.004] AndroidManifest.xml:46:25-69
action#${applicationId}.Action.START
ADDED from [com.droi.sdk:push:1.0.004] AndroidManifest.xml:47:17-72
	android:name
		ADDED from [com.droi.sdk:push:1.0.004] AndroidManifest.xml:47:25-69
action#com.droi.sdk.push.action.REMOVE_NOTIFICATION
ADDED from [com.droi.sdk:push:1.0.004] AndroidManifest.xml:48:17-87
	android:name
		ADDED from [com.droi.sdk:push:1.0.004] AndroidManifest.xml:48:25-84
activity#com.droi.sdk.push.DroiPushActivity
ADDED from [com.droi.sdk:push:1.0.004] AndroidManifest.xml:52:9-62:20
	android:screenOrientation
		ADDED from [com.droi.sdk:push:1.0.004] AndroidManifest.xml:57:13-49
	android:label
		ADDED from [com.droi.sdk:push:1.0.004] AndroidManifest.xml:56:13-45
	android:exported
		ADDED from [com.droi.sdk:push:1.0.004] AndroidManifest.xml:55:13-36
	android:configChanges
		ADDED from [com.droi.sdk:push:1.0.004] AndroidManifest.xml:54:13-74
	android:theme
		ADDED from [com.droi.sdk:push:1.0.004] AndroidManifest.xml:58:13-62
	android:name
		ADDED from [com.droi.sdk:push:1.0.004] AndroidManifest.xml:53:13-62
intent-filter#com.droi.sdk.push.action.SHOW_DETAIL
ADDED from [com.droi.sdk:push:1.0.004] AndroidManifest.xml:59:13-61:29
action#com.droi.sdk.push.action.SHOW_DETAIL
ADDED from [com.droi.sdk:push:1.0.004] AndroidManifest.xml:60:17-79
	android:name
		ADDED from [com.droi.sdk:push:1.0.004] AndroidManifest.xml:60:25-76
activity#com.droi.sdk.feedback.DroiFeedbackActivity
ADDED from [com.droi.sdk:feedback:1.0.004] AndroidManifest.xml:12:9-15:20
	android:theme
		ADDED from [com.droi.sdk:feedback:1.0.004] AndroidManifest.xml:14:13-66
	android:name
		ADDED from [com.droi.sdk:feedback:1.0.004] AndroidManifest.xml:13:13-70
activity#com.droi.sdk.selfupdate.DroiUpdateDialogActivity
ADDED from [com.droi.sdk:selfupdate:1.0.008] AndroidManifest.xml:12:9-16:20
	android:configChanges
		ADDED from [com.droi.sdk:selfupdate:1.0.008] AndroidManifest.xml:14:13-74
	android:theme
		ADDED from [com.droi.sdk:selfupdate:1.0.008] AndroidManifest.xml:15:13-72
	android:name
		ADDED from [com.droi.sdk:selfupdate:1.0.008] AndroidManifest.xml:13:13-76
receiver#com.droi.sdk.selfupdate.NotificationClickReceiver
ADDED from [com.droi.sdk:selfupdate:1.0.008] AndroidManifest.xml:18:9-86
	android:name
		ADDED from [com.droi.sdk:selfupdate:1.0.008] AndroidManifest.xml:18:19-83
uses-permission#android.permission.READ_LOGS
ADDED from [com.droi.sdk:analytics:1.0.011] AndroidManifest.xml:14:5-68
	android:name
		ADDED from [com.droi.sdk:analytics:1.0.011] AndroidManifest.xml:14:22-65